-------------------------------------------------------------------------------
Test set: com.hrms.runners.InProgressRunner
-------------------------------------------------------------------------------
Tests run: 1, Failures: 1, Errors: 0, Skipped: 0, Time elapsed: 18.574 s <<< FAILURE! - in com.hrms.runners.InProgressRunner
Recruitment. Add Candidates and Vacancies.Create new Candidate  Time elapsed: 18.21 s  <<< FAILURE!
java.lang.AssertionError: Name of candidate NOT matched

